<?xml version="1.0" encoding="UTF-8"?>
<testng-results total="2" passed="2" failed="0" skipped="0">
  <reporter-output>
  </reporter-output>
  <suite started-at="2021-08-12T16:04:41Z" name="Default suite" finished-at="2021-08-12T16:04:57Z" duration-ms="16422">
    <groups>
    </groups>
    <test started-at="2021-08-12T16:04:41Z" name="Default test" finished-at="2021-08-12T16:04:57Z" duration-ms="16422">
      <class name="theinternet.LoginTest">
        <test-method is-config="true" signature="setup()[pri:0, instance:theinternet.LoginTest@57d7f8ca]" started-at="2021-08-12T10:04:41Z" name="setup" finished-at="2021-08-12T10:04:42Z" duration-ms="1751" status="PASS">
          <reporter-output>
          </reporter-output>
        </test-method> <!-- setup -->
        <test-method signature="loginFailure()[pri:0, instance:theinternet.LoginTest@57d7f8ca]" started-at="2021-08-12T10:04:42Z" name="loginFailure" finished-at="2021-08-12T10:04:45Z" duration-ms="3134" status="PASS">
          <reporter-output>
          </reporter-output>
        </test-method> <!-- loginFailure -->
        <test-method is-config="true" signature="cleanup()[pri:0, instance:theinternet.LoginTest@57d7f8ca]" started-at="2021-08-12T10:04:45Z" name="cleanup" finished-at="2021-08-12T10:04:49Z" duration-ms="3090" status="PASS">
          <reporter-output>
          </reporter-output>
        </test-method> <!-- cleanup -->
        <test-method is-config="true" signature="setup()[pri:0, instance:theinternet.LoginTest@57d7f8ca]" started-at="2021-08-12T10:04:49Z" name="setup" finished-at="2021-08-12T10:04:50Z" duration-ms="1550" status="PASS">
          <reporter-output>
          </reporter-output>
        </test-method> <!-- setup -->
        <test-method signature="loginSuccess()[pri:0, instance:theinternet.LoginTest@57d7f8ca]" started-at="2021-08-12T10:04:50Z" name="loginSuccess" finished-at="2021-08-12T10:04:54Z" duration-ms="3787" status="PASS">
          <reporter-output>
          </reporter-output>
        </test-method> <!-- loginSuccess -->
        <test-method is-config="true" signature="cleanup()[pri:0, instance:theinternet.LoginTest@57d7f8ca]" started-at="2021-08-12T10:04:54Z" name="cleanup" finished-at="2021-08-12T10:04:57Z" duration-ms="3093" status="PASS">
          <reporter-output>
          </reporter-output>
        </test-method> <!-- cleanup -->
      </class> <!-- theinternet.LoginTest -->
    </test> <!-- Default test -->
  </suite> <!-- Default suite -->
</testng-results>
