<?xml version="1.0" encoding="UTF-8"?>
<testng-results total="1" passed="1" failed="0" skipped="0">
  <reporter-output>
  </reporter-output>
  <suite started-at="2021-08-12T20:40:24Z" name="Default suite" finished-at="2021-08-12T20:40:28Z" duration-ms="4594">
    <groups>
    </groups>
    <test started-at="2021-08-12T20:40:24Z" name="Default test" finished-at="2021-08-12T20:40:28Z" duration-ms="4594">
      <class name="RemoteTest">
        <test-method signature="openFAAPage()[pri:0, instance:RemoteTest@4dd6fd0a]" started-at="2021-08-12T14:40:24Z" name="openFAAPage" finished-at="2021-08-12T14:40:28Z" duration-ms="4574" status="PASS">
          <reporter-output>
          </reporter-output>
        </test-method> <!-- openFAAPage -->
      </class> <!-- RemoteTest -->
    </test> <!-- Default test -->
  </suite> <!-- Default suite -->
</testng-results>
