<?xml version="1.0" encoding="UTF-8"?>
<!-- Generated by org.testng.reporters.JUnitXMLReporter -->
<testsuite hostname="AARONEVANS1ACF" failures="0" tests="3" name="Test" time="25.242" errors="0" timestamp="12 Aug 2021 16:36:02 GMT">
  <testcase classname="theinternet.LoginTest" name="loginFailure" time="2.382"/>
  <testcase classname="theinternet.LoginTest" name="loginSuccess" time="2.33"/>
  <testcase classname="faa.AirportLookupTest" name="airportLookup" time="3.994"/>
</testsuite> <!-- Test -->
