<?xml version="1.0" encoding="UTF-8"?>
<testng-results ignored="0" total="1" passed="1" failed="0" skipped="0">
  <reporter-output>
  </reporter-output>
  <suite started-at="2020-10-20T00:08:50 CST" name="Default suite" finished-at="2020-10-20T00:09:04 CST" duration-ms="13818">
    <groups>
    </groups>
    <test started-at="2020-10-20T00:08:50 CST" name="Default test" finished-at="2020-10-20T00:09:04 CST" duration-ms="13818">
      <class name="locatingtechniques.LoginPageWithTestNG">
        <test-method is-config="true" signature="beforeClass()[pri:0, instance:locatingtechniques.LoginPageWithTestNG@3c0be339]" started-at="2020-10-20T00:08:50 CST" name="beforeClass" finished-at="2020-10-20T00:08:50 CST" duration-ms="7" status="PASS">
          <reporter-output>
          </reporter-output>
        </test-method> <!-- beforeClass -->
        <test-method is-config="true" signature="beforeMethod()[pri:0, instance:locatingtechniques.LoginPageWithTestNG@3c0be339]" started-at="2020-10-20T00:08:50 CST" name="beforeMethod" finished-at="2020-10-20T00:08:56 CST" duration-ms="5651" status="PASS">
          <reporter-output>
          </reporter-output>
        </test-method> <!-- beforeMethod -->
        <test-method signature="loginTest()[pri:0, instance:locatingtechniques.LoginPageWithTestNG@3c0be339]" started-at="2020-10-20T00:08:56 CST" name="loginTest" finished-at="2020-10-20T00:09:03 CST" duration-ms="7043" status="PASS">
          <reporter-output>
          </reporter-output>
        </test-method> <!-- loginTest -->
        <test-method is-config="true" signature="afterMethod()[pri:0, instance:locatingtechniques.LoginPageWithTestNG@3c0be339]" started-at="2020-10-20T00:09:03 CST" name="afterMethod" finished-at="2020-10-20T00:09:04 CST" duration-ms="1088" status="PASS">
          <reporter-output>
          </reporter-output>
        </test-method> <!-- afterMethod -->
        <test-method is-config="true" signature="afterClass()[pri:0, instance:locatingtechniques.LoginPageWithTestNG@3c0be339]" started-at="2020-10-20T00:09:04 CST" name="afterClass" finished-at="2020-10-20T00:09:04 CST" duration-ms="1" status="PASS">
          <reporter-output>
          </reporter-output>
        </test-method> <!-- afterClass -->
      </class> <!-- locatingtechniques.LoginPageWithTestNG -->
    </test> <!-- Default test -->
  </suite> <!-- Default suite -->
</testng-results>
